###############################################################################
#                                                                             #
# IAR C/C++ Compiler V7.51A/W32 for 8051                22/Oct/2013  15:44:42 #
# Copyright 2004-2009 IAR Systems AB.                                         #
#                                                                             #
#    Core               =  plain                                              #
#    Code model         =  banked                                             #
#    Data model         =  large                                              #
#    Calling convention =  xdata reentrant                                    #
#    Constant location  =  data_rom                                           #
#    Dptr setup         =  1,16                                               #
#    Source file        =  E:\C51RF-CC2530-PKÎÞÏßZigBeeÍøÂç¿ª·¢Æ½Ì¨V1.10\C51R #
#                          F-CC2530ÑÝÊ¾³ÌÐò\ZigBee2007_PROÑÝÊ¾²âÊÔ³ÌÐò\Texas  #
#                          Instruments\ZStack-CC2530-2.2.0-1.3.0\Components\h #
#                          al\target\CC2530EB\lcd128_64.c                     #
#    Command line       =  -f "E:\C51RF-CC2530-PKÎÞÏßZigBeeÍøÂç¿ª·¢Æ½Ì¨V1.10\ #
#                          C51RF-CC2530ÑÝÊ¾³ÌÐò\ZigBee2007_PROÑÝÊ¾²âÊÔ³ÌÐò\Te #
#                          xas Instruments\ZStack-CC2530-2.2.0-1.3.0\Projects #
#                          \zstack\Samples\SampleApp\CC2530DB\..\..\..\Tools\ #
#                          CC2530DB\f8wRouter.cfg" (-DCPU32MHZ                #
#                          -DROOT=__near_func -DMAC_CFG_APP_PENDING_QUEUE=TRU #
#                          E -DRTR_NWK -DBLINK_LEDS) -f                       #
#                          "E:\C51RF-CC2530-PKÎÞÏßZigBeeÍøÂç¿ª·¢Æ½Ì¨V1.10\C51 #
#                          RF-CC2530ÑÝÊ¾³ÌÐò\ZigBee2007_PROÑÝÊ¾²âÊÔ³ÌÐò\Texas #
#                           Instruments\ZStack-CC2530-2.2.0-1.3.0\Projects\zs #
#                          tack\Samples\SampleApp\CC2530DB\..\..\..\Tools\CC2 #
#                          530DB\f8wConfig.cfg" (-DSECURE=0                   #
#                          -DZG_SECURE_DYNAMIC=0 -DREFLECTOR                  #
#                          -DDEFAULT_CHANLIST=0x04000000                      #
#                          -DZDAPP_CONFIG_PAN_ID=0xFFFF                       #
#                          -DNWK_START_DELAY=100 -DEXTENDED_JOINING_RANDOM_MA #
#                          SK=0x007F -DBEACON_REQUEST_DELAY=100               #
#                          -DBEACON_REQ_DELAY_MASK=0x00FF                     #
#                          -DROUTE_EXPIRY_TIME=30 -DAPSC_ACK_WAIT_DURATION_PO #
#                          LLED=3000 -DNWK_INDIRECT_MSG_TIMEOUT=7             #
#                          -DMAX_RREQ_ENTRIES=8 -DAPSC_MAX_FRAME_RETRIES=3    #
#                          -DNWK_MAX_DATA_RETRIES=2                           #
#                          -DMAX_POLL_FAILURE_RETRIES=2 -DMAX_BCAST=9         #
#                          -DAPS_MAX_GROUPS=16 -DMAX_RTG_ENTRIES=40           #
#                          -DNWK_MAX_BINDING_ENTRIES=4                        #
#                          -DMAX_BINDING_CLUSTER_IDS=4 "-DDEFAULT_KEY={0x01,  #
#                          0x03, 0x05, 0x07, 0x09, 0x0B, 0x0D, 0x0F, 0x00,    #
#                          0x02, 0x04, 0x06, 0x08, 0x0A, 0x0C, 0x0D}"         #
#                          -DMAC_MAX_FRAME_SIZE=116 "-DCONST=const __code"    #
#                          -DGENERIC=__generic -DRFD_RCVC_ALWAYS_ON=FALSE     #
#                          -DPOLL_RATE=1000 -DQUEUED_POLL_RATE=100            #
#                          -DRESPONSE_POLL_RATE=100) -DREJOIN_POLL_RATE=440   #
#                          "E:\C51RF-CC2530-PKÎÞÏßZigBeeÍøÂç¿ª·¢Æ½Ì¨V1.10\C51 #
#                          RF-CC2530ÑÝÊ¾³ÌÐò\ZigBee2007_PROÑÝÊ¾²âÊÔ³ÌÐò\Texas #
#                           Instruments\ZStack-CC2530-2.2.0-1.3.0\Components\ #
#                          hal\target\CC2530EB\lcd128_64.c" -D ZIGBEEPRO -D   #
#                          ZTOOL_P1 -D MT_TASK -D MT_SYS_FUNC -D MT_ZDO_FUNC  #
#                          -D LCD_SUPPORTED=DEBUG -lC                         #
#                          "E:\C51RF-CC2530-PKÎÞÏßZigBeeÍøÂç¿ª·¢Æ½Ì¨V1.10\C51 #
#                          RF-CC2530ÑÝÊ¾³ÌÐò\ZigBee2007_PROÑÝÊ¾²âÊÔ³ÌÐò\Texas #
#                           Instruments\ZStack-CC2530-2.2.0-1.3.0\Projects\zs #
#                          tack\Samples\SampleApp\CC2530DB\RouterEB-Pro\List\ #
#                          " -lA "E:\C51RF-CC2530-PKÎÞÏßZigBeeÍøÂç¿ª·¢Æ½Ì¨V1. #
#                          10\C51RF-CC2530ÑÝÊ¾³ÌÐò\ZigBee2007_PROÑÝÊ¾²âÊÔ³ÌÐò #
#                          \Texas Instruments\ZStack-CC2530-2.2.0-1.3.0\Proje #
#                          cts\zstack\Samples\SampleApp\CC2530DB\RouterEB-Pro #
#                          \List\" --diag_suppress Pe001,Pa010 -o             #
#                          "E:\C51RF-CC2530-PKÎÞÏßZigBeeÍøÂç¿ª·¢Æ½Ì¨V1.10\C51 #
#                          RF-CC2530ÑÝÊ¾³ÌÐò\ZigBee2007_PROÑÝÊ¾²âÊÔ³ÌÐò\Texas #
#                           Instruments\ZStack-CC2530-2.2.0-1.3.0\Projects\zs #
#                          tack\Samples\SampleApp\CC2530DB\RouterEB-Pro\Obj\" #
#                           -e --require_prototypes --debug --core=plain      #
#                          --dptr=16,1 --data_model=large                     #
#                          --code_model=banked --calling_convention=xdata_ree #
#                          ntrant --place_constants=data_rom                  #
#                          --nr_virtual_regs 8 -I "E:\C51RF-CC2530-PKÎÞÏßZigB #
#                          eeÍøÂç¿ª·¢Æ½Ì¨V1.10\C51RF-CC2530ÑÝÊ¾³ÌÐò\ZigBee200 #
#                          7_PROÑÝÊ¾²âÊÔ³ÌÐò\Texas Instruments\ZStack-CC2530- #
#                          2.2.0-1.3.0\Projects\zstack\Samples\SampleApp\CC25 #
#                          30DB\" -I "E:\C51RF-CC2530-PKÎÞÏßZigBeeÍøÂç¿ª·¢Æ½Ì #
#                          ¨V1.10\C51RF-CC2530ÑÝÊ¾³ÌÐò\ZigBee2007_PROÑÝÊ¾²âÊÔ #
#                          ³ÌÐò\Texas Instruments\ZStack-CC2530-2.2.0-1.3.0\P #
#                          rojects\zstack\Samples\SampleApp\CC2530DB\..\SOURC #
#                          E\" -I "E:\C51RF-CC2530-PKÎÞÏßZigBeeÍøÂç¿ª·¢Æ½Ì¨V1 #
#                          .10\C51RF-CC2530ÑÝÊ¾³ÌÐò\ZigBee2007_PROÑÝÊ¾²âÊÔ³ÌÐ #
#                          ò\Texas Instruments\ZStack-CC2530-2.2.0-1.3.0\Proj #
#                          ects\zstack\Samples\SampleApp\CC2530DB\..\..\..\ZM #
#                          AIN\TI2530DB\" -I "E:\C51RF-CC2530-PKÎÞÏßZigBeeÍøÂ #
#                          ç¿ª·¢Æ½Ì¨V1.10\C51RF-CC2530ÑÝÊ¾³ÌÐò\ZigBee2007_PRO #
#                          ÑÝÊ¾²âÊÔ³ÌÐò\Texas Instruments\ZStack-CC2530-2.2.0 #
#                          -1.3.0\Projects\zstack\Samples\SampleApp\CC2530DB\ #
#                          ..\..\..\..\..\COMPONENTS\MT\" -I                  #
#                          "E:\C51RF-CC2530-PKÎÞÏßZigBeeÍøÂç¿ª·¢Æ½Ì¨V1.10\C51 #
#                          RF-CC2530ÑÝÊ¾³ÌÐò\ZigBee2007_PROÑÝÊ¾²âÊÔ³ÌÐò\Texas #
#                           Instruments\ZStack-CC2530-2.2.0-1.3.0\Projects\zs #
#                          tack\Samples\SampleApp\CC2530DB\..\..\..\..\..\COM #
#                          PONENTS\HAL\INCLUDE\" -I                           #
#                          "E:\C51RF-CC2530-PKÎÞÏßZigBeeÍøÂç¿ª·¢Æ½Ì¨V1.10\C51 #
#                          RF-CC2530ÑÝÊ¾³ÌÐò\ZigBee2007_PROÑÝÊ¾²âÊÔ³ÌÐò\Texas #
#                           Instruments\ZStack-CC2530-2.2.0-1.3.0\Projects\zs #
#                          tack\Samples\SampleApp\CC2530DB\..\..\..\..\..\COM #
#                          PONENTS\HAL\TARGET\CC2530EB\" -I                   #
#                          "E:\C51RF-CC2530-PKÎÞÏßZigBeeÍøÂç¿ª·¢Æ½Ì¨V1.10\C51 #
#                          RF-CC2530ÑÝÊ¾³ÌÐò\ZigBee2007_PROÑÝÊ¾²âÊÔ³ÌÐò\Texas #
#                           Instruments\ZStack-CC2530-2.2.0-1.3.0\Projects\zs #
#                          tack\Samples\SampleApp\CC2530DB\..\..\..\..\..\COM #
#                          PONENTS\OSAL\MCU\CCSOC\" -I                        #
#                          "E:\C51RF-CC2530-PKÎÞÏßZigBeeÍøÂç¿ª·¢Æ½Ì¨V1.10\C51 #
#                          RF-CC2530ÑÝÊ¾³ÌÐò\ZigBee2007_PROÑÝÊ¾²âÊÔ³ÌÐò\Texas #
#                           Instruments\ZStack-CC2530-2.2.0-1.3.0\Projects\zs #
#                          tack\Samples\SampleApp\CC2530DB\..\..\..\..\..\COM #
#                          PONENTS\OSAL\INCLUDE\" -I                          #
#                          "E:\C51RF-CC2530-PKÎÞÏßZigBeeÍøÂç¿ª·¢Æ½Ì¨V1.10\C51 #
#                          RF-CC2530ÑÝÊ¾³ÌÐò\ZigBee2007_PROÑÝÊ¾²âÊÔ³ÌÐò\Texas #
#                           Instruments\ZStack-CC2530-2.2.0-1.3.0\Projects\zs #
#                          tack\Samples\SampleApp\CC2530DB\..\..\..\..\..\COM #
#                          PONENTS\STACK\AF\" -I "E:\C51RF-CC2530-PKÎÞÏßZigBe #
#                          eÍøÂç¿ª·¢Æ½Ì¨V1.10\C51RF-CC2530ÑÝÊ¾³ÌÐò\ZigBee2007 #
#                          _PROÑÝÊ¾²âÊÔ³ÌÐò\Texas Instruments\ZStack-CC2530-2 #
#                          .2.0-1.3.0\Projects\zstack\Samples\SampleApp\CC253 #
#                          0DB\..\..\..\..\..\COMPONENTS\STACK\NWK\" -I       #
#                          "E:\C51RF-CC2530-PKÎÞÏßZigBeeÍøÂç¿ª·¢Æ½Ì¨V1.10\C51 #
#                          RF-CC2530ÑÝÊ¾³ÌÐò\ZigBee2007_PROÑÝÊ¾²âÊÔ³ÌÐò\Texas #
#                           Instruments\ZStack-CC2530-2.2.0-1.3.0\Projects\zs #
#                          tack\Samples\SampleApp\CC2530DB\..\..\..\..\..\COM #
#                          PONENTS\STACK\SEC\" -I "E:\C51RF-CC2530-PKÎÞÏßZigB #
#                          eeÍøÂç¿ª·¢Æ½Ì¨V1.10\C51RF-CC2530ÑÝÊ¾³ÌÐò\ZigBee200 #
#                          7_PROÑÝÊ¾²âÊÔ³ÌÐò\Texas Instruments\ZStack-CC2530- #
#                          2.2.0-1.3.0\Projects\zstack\Samples\SampleApp\CC25 #
#                          30DB\..\..\..\..\..\COMPONENTS\STACK\SAPI\" -I     #
#                          "E:\C51RF-CC2530-PKÎÞÏßZigBeeÍøÂç¿ª·¢Æ½Ì¨V1.10\C51 #
#                          RF-CC2530ÑÝÊ¾³ÌÐò\ZigBee2007_PROÑÝÊ¾²âÊÔ³ÌÐò\Texas #
#                           Instruments\ZStack-CC2530-2.2.0-1.3.0\Projects\zs #
#                          tack\Samples\SampleApp\CC2530DB\..\..\..\..\..\COM #
#                          PONENTS\STACK\SYS\" -I "E:\C51RF-CC2530-PKÎÞÏßZigB #
#                          eeÍøÂç¿ª·¢Æ½Ì¨V1.10\C51RF-CC2530ÑÝÊ¾³ÌÐò\ZigBee200 #
#                          7_PROÑÝÊ¾²âÊÔ³ÌÐò\Texas Instruments\ZStack-CC2530- #
#                          2.2.0-1.3.0\Projects\zstack\Samples\SampleApp\CC25 #
#                          30DB\..\..\..\..\..\COMPONENTS\STACK\ZDO\" -I      #
#                          "E:\C51RF-CC2530-PKÎÞÏßZigBeeÍøÂç¿ª·¢Æ½Ì¨V1.10\C51 #
#                          RF-CC2530ÑÝÊ¾³ÌÐò\ZigBee2007_PROÑÝÊ¾²âÊÔ³ÌÐò\Texas #
#                           Instruments\ZStack-CC2530-2.2.0-1.3.0\Projects\zs #
#                          tack\Samples\SampleApp\CC2530DB\..\..\..\..\..\COM #
#                          PONENTS\ZMAC\F8W\" -I "E:\C51RF-CC2530-PKÎÞÏßZigBe #
#                          eÍøÂç¿ª·¢Æ½Ì¨V1.10\C51RF-CC2530ÑÝÊ¾³ÌÐò\ZigBee2007 #
#                          _PROÑÝÊ¾²âÊÔ³ÌÐò\Texas Instruments\ZStack-CC2530-2 #
#                          .2.0-1.3.0\Projects\zstack\Samples\SampleApp\CC253 #
#                          0DB\..\..\..\..\..\COMPONENTS\ZMAC\" -I            #
#                          "E:\C51RF-CC2530-PKÎÞÏßZigBeeÍøÂç¿ª·¢Æ½Ì¨V1.10\C51 #
#                          RF-CC2530ÑÝÊ¾³ÌÐò\ZigBee2007_PROÑÝÊ¾²âÊÔ³ÌÐò\Texas #
#                           Instruments\ZStack-CC2530-2.2.0-1.3.0\Projects\zs #
#                          tack\Samples\SampleApp\CC2530DB\..\..\..\..\..\COM #
#                          PONENTS\SERVICES\SADDR\" -I                        #
#                          "E:\C51RF-CC2530-PKÎÞÏßZigBeeÍøÂç¿ª·¢Æ½Ì¨V1.10\C51 #
#                          RF-CC2530ÑÝÊ¾³ÌÐò\ZigBee2007_PROÑÝÊ¾²âÊÔ³ÌÐò\Texas #
#                           Instruments\ZStack-CC2530-2.2.0-1.3.0\Projects\zs #
#                          tack\Samples\SampleApp\CC2530DB\..\..\..\..\..\COM #
#                          PONENTS\SERVICES\SDATA\" -I                        #
#                          "E:\C51RF-CC2530-PKÎÞÏßZigBeeÍøÂç¿ª·¢Æ½Ì¨V1.10\C51 #
#                          RF-CC2530ÑÝÊ¾³ÌÐò\ZigBee2007_PROÑÝÊ¾²âÊÔ³ÌÐò\Texas #
#                           Instruments\ZStack-CC2530-2.2.0-1.3.0\Projects\zs #
#                          tack\Samples\SampleApp\CC2530DB\..\..\..\..\..\COM #
#                          PONENTS\MAC\INCLUDE\" -I                           #
#                          "E:\C51RF-CC2530-PKÎÞÏßZigBeeÍøÂç¿ª·¢Æ½Ì¨V1.10\C51 #
#                          RF-CC2530ÑÝÊ¾³ÌÐò\ZigBee2007_PROÑÝÊ¾²âÊÔ³ÌÐò\Texas #
#                           Instruments\ZStack-CC2530-2.2.0-1.3.0\Projects\zs #
#                          tack\Samples\SampleApp\CC2530DB\..\..\..\..\..\COM #
#                          PONENTS\MAC\HIGH_LEVEL\" -I                        #
#                          "E:\C51RF-CC2530-PKÎÞÏßZigBeeÍøÂç¿ª·¢Æ½Ì¨V1.10\C51 #
#                          RF-CC2530ÑÝÊ¾³ÌÐò\ZigBee2007_PROÑÝÊ¾²âÊÔ³ÌÐò\Texas #
#                           Instruments\ZStack-CC2530-2.2.0-1.3.0\Projects\zs #
#                          tack\Samples\SampleApp\CC2530DB\..\..\..\..\..\COM #
#                          PONENTS\MAC\LOW_LEVEL\srf04\" -I                   #
#                          "E:\C51RF-CC2530-PKÎÞÏßZigBeeÍøÂç¿ª·¢Æ½Ì¨V1.10\C51 #
#                          RF-CC2530ÑÝÊ¾³ÌÐò\ZigBee2007_PROÑÝÊ¾²âÊÔ³ÌÐò\Texas #
#                           Instruments\ZStack-CC2530-2.2.0-1.3.0\Projects\zs #
#                          tack\Samples\SampleApp\CC2530DB\..\..\..\..\..\COM #
#                          PONENTS\MAC\LOW_LEVEL\srf04\SINGLE_CHIP\" -I       #
#                          "C:\Program Files\IAR Systems\Embedded Workbench   #
#                          5.3 Evaluation version\8051\INC\" -I "C:\Program   #
#                          Files\IAR Systems\Embedded Workbench 5.3           #
#                          Evaluation version\8051\INC\CLIB\" -Ohz            #
#    List file          =  E:\C51RF-CC2530-PKÎÞÏßZigBeeÍøÂç¿ª·¢Æ½Ì¨V1.10\C51R #
#                          F-CC2530ÑÝÊ¾³ÌÐò\ZigBee2007_PROÑÝÊ¾²âÊÔ³ÌÐò\Texas  #
#                          Instruments\ZStack-CC2530-2.2.0-1.3.0\Projects\zst #
#                          ack\Samples\SampleApp\CC2530DB\RouterEB-Pro\List\l #
#                          cd128_64.lst                                       #
#    Object file        =  E:\C51RF-CC2530-PKÎÞÏßZigBeeÍøÂç¿ª·¢Æ½Ì¨V1.10\C51R #
#                          F-CC2530ÑÝÊ¾³ÌÐò\ZigBee2007_PROÑÝÊ¾²âÊÔ³ÌÐò\Texas  #
#                          Instruments\ZStack-CC2530-2.2.0-1.3.0\Projects\zst #
#                          ack\Samples\SampleApp\CC2530DB\RouterEB-Pro\Obj\lc #
#                          d128_64.r51                                        #
#                                                                             #
#                                                                             #
###############################################################################



 
 
 0 bytes of memory

Errors: none
Warnings: none
